<?xml version="1.0" encoding="utf-8"?><testsuites name="pytest tests"><testsuite name="pytest" errors="0" failures="2" skipped="0" tests="10" time="1.081" timestamp="2026-09-11T16:59:22.784153+00:00" hostname="agent-env-d1735c20-f517-4d1d-a8bf-a32ebcbd40c4"><testcase classname="tests.test_iteration_8" name="test_chanda_total_count" time="0.177" /><testcase classname="tests.test_iteration_8" name="test_book2_receipts_95_to_100" time="0.047" /><testcase classname="tests.test_iteration_8" name="test_book4_receipts_151_to_170" time="0.036" /><testcase classname="tests.test_iteration_8" name="test_new_entries_dated_2026_09_11" time="0.034" /><testcase classname="tests.test_iteration_8" name="test_row_99_pending_and_row_96_collected" time="0.034" /><testcase classname="tests.test_iteration_8" name="test_collectors_list" time="0.076"><failure message="AssertionError: Missing collectors: ['Pooja Iyer']&#10;assert not ['Pooja Iyer']">backend/tests/test_iteration_8.py:100: in test_collectors_list
    assert not missing, f"Missing collectors: {missing}"
E   AssertionError: Missing collectors: ['Pooja Iyer']
E   assert not ['Pooja Iyer']</failure></testcase><testcase classname="tests.test_iteration_8" name="test_receipt_books" time="0.038" /><testcase classname="tests.test_iteration_8" name="test_create_collector_and_delete" time="0.317" /><testcase classname="tests.test_iteration_8" name="test_duplicate_existing_collector_rejected" time="0.155"><failure message="AssertionError: Duplicate 'Monu' should be rejected, got 200: {&quot;id&quot;:&quot;8740e6dc-ba26-4ec8-b29b-9b7f6afde594&quot;,&quot;name&quot;:&quot;Monu&quot;,&quot;created_at&quot;:&quot;2026-09-11T12:49:10.886684+00:00&quot;}&#10;assert 200 in (400, 409)&#10; +  where 200 = &lt;Response [200]&gt;.status_code">backend/tests/test_iteration_8.py:146: in test_duplicate_existing_collector_rejected
    assert r.status_code in (400, 409), f"Duplicate 'Monu' should be rejected, got {r.status_code}: {r.text}"
E   AssertionError: Duplicate 'Monu' should be rejected, got 200: {"id":"8740e6dc-ba26-4ec8-b29b-9b7f6afde594","name":"Monu","created_at":"2026-09-11T12:49:10.886684+00:00"}
E   assert 200 in (400, 409)
E    +  where 200 = &lt;Response [200]&gt;.status_code</failure></testcase><testcase classname="tests.test_iteration_8" name="test_empty_name_rejected" time="0.075" /></testsuite></testsuites>