<?xml version="1.0" encoding="utf-8"?><testsuites name="pytest tests"><testsuite name="pytest" errors="0" failures="0" skipped="0" tests="5" time="1.047" timestamp="2026-09-11T13:30:23.372346+00:00" hostname="agent-env-d1735c20-f517-4d1d-a8bf-a32ebcbd40c4"><testcase classname="tests.test_iteration_7" name="test_chanda_count_and_fields" time="0.156" /><testcase classname="tests.test_iteration_7" name="test_collectors_present" time="0.148" /><testcase classname="tests.test_iteration_7" name="test_dashboard_totals" time="0.144" /><testcase classname="tests.test_iteration_7" name="test_ledger_has_created_at_and_sort_order" time="0.097" /><testcase classname="tests.test_iteration_7" name="test_ledger_first_is_kundan_bhai" time="0.116" /></testsuite></testsuites>