<?xml version="1.0" encoding="utf-8"?><testsuites name="pytest tests"><testsuite name="pytest" errors="0" failures="0" skipped="0" tests="7" time="1.413" timestamp="2026-09-11T17:02:52.738642+00:00" hostname="agent-env-d1735c20-f517-4d1d-a8bf-a32ebcbd40c4"><testcase classname="tests.test_iteration_9" name="test_collectors_contains_pooja_iyer" time="0.125" /><testcase classname="tests.test_iteration_9" name="test_collectors_expected_set" time="0.000" /><testcase classname="tests.test_iteration_9" name="test_duplicate_collector_rejected" time="0.102" /><testcase classname="tests.test_iteration_9" name="test_create_and_delete_collector_lifecycle" time="0.541" /><testcase classname="tests.test_iteration_9" name="test_empty_name_rejected" time="0.101" /><testcase classname="tests.test_iteration_9" name="test_regression_chanda_receipts" time="0.110" /><testcase classname="tests.test_iteration_9" name="test_no_book_3" time="0.107" /></testsuite></testsuites>