<?xml version="1.0" encoding="utf-8"?><testsuites name="pytest tests"><testsuite name="pytest" errors="0" failures="0" skipped="0" tests="12" time="3.306" timestamp="2026-09-11T12:14:24.056312+00:00" hostname="agent-env-d1735c20-f517-4d1d-a8bf-a32ebcbd40c4"><testcase classname="tests.test_expenses" name="test_seed_idempotent" time="0.308" /><testcase classname="tests.test_expenses" name="test_after_seed_expenses_exist" time="0.050" /><testcase classname="tests.test_expenses" name="test_create_expense" time="0.052" /><testcase classname="tests.test_expenses" name="test_list_sorted_by_date_desc" time="0.235" /><testcase classname="tests.test_expenses" name="test_update_expense" time="0.153" /><testcase classname="tests.test_expenses" name="test_update_unknown_404" time="0.052" /><testcase classname="tests.test_expenses" name="test_void_unvoid" time="0.759" /><testcase classname="tests.test_expenses" name="test_delete_expense" time="0.158" /><testcase classname="tests.test_expenses" name="test_delete_unknown_404" time="0.047" /><testcase classname="tests.test_expenses" name="test_dashboard_balance_and_expenses" time="0.281" /><testcase classname="tests.test_expenses" name="test_backup_v2_includes_expenses" time="0.090" /><testcase classname="tests.test_expenses" name="test_restore_merge_expenses" time="0.638" /></testsuite></testsuites>