<?xml version="1.0" encoding="utf-8"?><testsuites name="pytest tests"><testsuite name="pytest" errors="0" failures="0" skipped="0" tests="13" time="3.083" timestamp="2026-09-11T12:33:43.759537+00:00" hostname="agent-env-d1735c20-f517-4d1d-a8bf-a32ebcbd40c4"><testcase classname="tests.test_ledger_v4" name="test_chanda_pending_zero_received" time="0.620" /><testcase classname="tests.test_ledger_v4" name="test_chanda_collected_default_received" time="0.122" /><testcase classname="tests.test_ledger_v4" name="test_transfer_rejects_overdraw" time="0.167" /><testcase classname="tests.test_ledger_v4" name="test_transfer_rejects_same_member" time="0.055" /><testcase classname="tests.test_ledger_v4" name="test_expense_split_mismatch" time="0.045" /><testcase classname="tests.test_ledger_v4" name="test_expense_paid_exceeds_bill" time="0.041" /><testcase classname="tests.test_ledger_v4" name="test_expense_group_exceeds_held" time="0.047" /><testcase classname="tests.test_ledger_v4" name="test_reimb_self" time="0.047" /><testcase classname="tests.test_ledger_v4" name="test_reimb_no_due" time="0.084" /><testcase classname="tests.test_ledger_v4" name="test_acceptance_scenario" time="1.011" /><testcase classname="tests.test_ledger_v4" name="test_ledger_has_all_types" time="0.058" /><testcase classname="tests.test_ledger_v4" name="test_backup_v4" time="0.046" /><testcase classname="tests.test_ledger_v4" name="test_restore_replace_wipes_all" time="0.335" /></testsuite></testsuites>